2021-09-01 11:36:57.615 | INFO     | __main__:run:93 - 角度检测耗时: 1.027273416519165
2021-09-01 11:36:57.615 | INFO     | __main__:run:94 - angle : 270
2021-09-01 11:36:58.002 | INFO     | __main__:run:105 - 文字检测耗时: 0.3860049247741699
2021-09-01 11:36:58.002 | INFO     | __main__:run:106 - dt_boxes num : 36
2021-09-01 11:36:58.598 | INFO     | trt_inference.inference_tools:run:25 - 版面分析请求耗时: 0.983s
2021-09-01 11:36:58.633 | INFO     | __main__:run:157 - 文字识别耗时: 0.5271255970001221
2021-09-01 11:36:58.633 | INFO     | __main__:run:159 - rec_res num  : 36
2021-09-01 11:36:58.660 | INFO     | __main__:run:93 - 角度检测耗时: 0.02535271644592285
2021-09-01 11:36:58.660 | INFO     | __main__:run:94 - angle : 270
2021-09-01 11:36:58.709 | INFO     | __main__:run:105 - 文字检测耗时: 0.04868626594543457
2021-09-01 11:36:58.709 | INFO     | __main__:run:106 - dt_boxes num : 36
2021-09-01 11:36:58.709 | INFO     | trt_inference.inference_tools:run:25 - 版面分析请求耗时: 0.049s
2021-09-01 11:36:59.175 | INFO     | __main__:run:157 - 文字识别耗时: 0.4472839832305908
2021-09-01 11:36:59.175 | INFO     | __main__:run:159 - rec_res num  : 36
2021-09-01 11:36:59.201 | INFO     | __main__:run:93 - 角度检测耗时: 0.024756193161010742
2021-09-01 11:36:59.201 | INFO     | __main__:run:94 - angle : 270
2021-09-01 11:36:59.253 | INFO     | trt_inference.inference_tools:run:25 - 版面分析请求耗时: 0.052s
2021-09-01 11:36:59.254 | INFO     | __main__:run:105 - 文字检测耗时: 0.052330732345581055
2021-09-01 11:36:59.254 | INFO     | __main__:run:106 - dt_boxes num : 36
2021-09-01 11:36:59.723 | INFO     | __main__:run:157 - 文字识别耗时: 0.45075035095214844
2021-09-01 11:36:59.723 | INFO     | __main__:run:159 - rec_res num  : 36
2021-09-01 11:36:59.749 | INFO     | __main__:run:93 - 角度检测耗时: 0.025440454483032227
2021-09-01 11:36:59.750 | INFO     | __main__:run:94 - angle : 270
2021-09-01 11:36:59.798 | INFO     | __main__:run:105 - 文字检测耗时: 0.04831099510192871
2021-09-01 11:36:59.799 | INFO     | __main__:run:106 - dt_boxes num : 36
2021-09-01 11:36:59.799 | INFO     | trt_inference.inference_tools:run:25 - 版面分析请求耗时: 0.049s
2021-09-01 11:37:00.264 | INFO     | __main__:run:157 - 文字识别耗时: 0.44682884216308594
2021-09-01 11:37:00.264 | INFO     | __main__:run:159 - rec_res num  : 36
2021-09-01 11:37:00.290 | INFO     | __main__:run:93 - 角度检测耗时: 0.025340795516967773
2021-09-01 11:37:00.290 | INFO     | __main__:run:94 - angle : 270
2021-09-01 11:37:00.341 | INFO     | trt_inference.inference_tools:run:25 - 版面分析请求耗时: 0.051s
2021-09-01 11:37:00.345 | INFO     | __main__:run:105 - 文字检测耗时: 0.05460000038146973
2021-09-01 11:37:00.345 | INFO     | __main__:run:106 - dt_boxes num : 36
2021-09-01 11:37:00.811 | INFO     | __main__:run:157 - 文字识别耗时: 0.4479563236236572
2021-09-01 11:37:00.812 | INFO     | __main__:run:159 - rec_res num  : 36
2021-09-01 11:37:00.839 | INFO     | __main__:run:93 - 角度检测耗时: 0.026196718215942383
2021-09-01 11:37:00.839 | INFO     | __main__:run:94 - angle : 270
2021-09-01 11:37:00.890 | INFO     | trt_inference.inference_tools:run:25 - 版面分析请求耗时: 0.051s
2021-09-01 11:37:00.891 | INFO     | __main__:run:105 - 文字检测耗时: 0.051401376724243164
2021-09-01 11:37:00.891 | INFO     | __main__:run:106 - dt_boxes num : 36
2021-09-01 11:37:01.357 | INFO     | __main__:run:157 - 文字识别耗时: 0.4485647678375244
2021-09-01 11:37:01.358 | INFO     | __main__:run:159 - rec_res num  : 36
2021-09-01 11:37:01.383 | INFO     | __main__:run:93 - 角度检测耗时: 0.02411055564880371
2021-09-01 11:37:01.383 | INFO     | __main__:run:94 - angle : 270
2021-09-01 11:37:01.431 | INFO     | trt_inference.inference_tools:run:25 - 版面分析请求耗时: 0.048s
2021-09-01 11:37:01.434 | INFO     | __main__:run:105 - 文字检测耗时: 0.05115795135498047
2021-09-01 11:37:01.434 | INFO     | __main__:run:106 - dt_boxes num : 36
2021-09-01 11:37:01.902 | INFO     | __main__:run:157 - 文字识别耗时: 0.4496927261352539
2021-09-01 11:37:01.902 | INFO     | __main__:run:159 - rec_res num  : 36
2021-09-01 11:37:01.928 | INFO     | __main__:run:93 - 角度检测耗时: 0.02578139305114746
2021-09-01 11:37:01.929 | INFO     | __main__:run:94 - angle : 270
2021-09-01 11:37:01.978 | INFO     | trt_inference.inference_tools:run:25 - 版面分析请求耗时: 0.049s
2021-09-01 11:37:01.980 | INFO     | __main__:run:105 - 文字检测耗时: 0.05094575881958008
2021-09-01 11:37:01.980 | INFO     | __main__:run:106 - dt_boxes num : 36
2021-09-01 11:37:02.447 | INFO     | __main__:run:157 - 文字识别耗时: 0.44893693923950195
2021-09-01 11:37:02.447 | INFO     | __main__:run:159 - rec_res num  : 36
2021-09-01 11:37:02.473 | INFO     | __main__:run:93 - 角度检测耗时: 0.02475285530090332
2021-09-01 11:37:02.473 | INFO     | __main__:run:94 - angle : 270
2021-09-01 11:37:02.523 | INFO     | trt_inference.inference_tools:run:25 - 版面分析请求耗时: 0.050s
2021-09-01 11:37:02.526 | INFO     | __main__:run:105 - 文字检测耗时: 0.05221748352050781
2021-09-01 11:37:02.526 | INFO     | __main__:run:106 - dt_boxes num : 36
2021-09-01 11:37:02.994 | INFO     | __main__:run:157 - 文字识别耗时: 0.44988083839416504
2021-09-01 11:37:02.994 | INFO     | __main__:run:159 - rec_res num  : 36
2021-09-01 11:37:03.021 | INFO     | __main__:run:93 - 角度检测耗时: 0.026273727416992188
2021-09-01 11:37:03.022 | INFO     | __main__:run:94 - angle : 270
2021-09-01 11:37:03.072 | INFO     | trt_inference.inference_tools:run:25 - 版面分析请求耗时: 0.050s
2021-09-01 11:37:03.073 | INFO     | __main__:run:105 - 文字检测耗时: 0.05108284950256348
2021-09-01 11:37:03.073 | INFO     | __main__:run:106 - dt_boxes num : 36
2021-09-01 11:37:03.541 | INFO     | __main__:run:157 - 文字识别耗时: 0.44991493225097656
2021-09-01 11:37:03.542 | INFO     | __main__:run:159 - rec_res num  : 36
2021-09-01 11:37:03.567 | INFO     | __main__:run:93 - 角度检测耗时: 0.024905681610107422
2021-09-01 11:37:03.568 | INFO     | __main__:run:94 - angle : 270
2021-09-01 11:37:03.617 | INFO     | trt_inference.inference_tools:run:25 - 版面分析请求耗时: 0.049s
2021-09-01 11:37:03.619 | INFO     | __main__:run:105 - 文字检测耗时: 0.050776004791259766
2021-09-01 11:37:03.619 | INFO     | __main__:run:106 - dt_boxes num : 36
2021-09-01 11:37:04.087 | INFO     | __main__:run:157 - 文字识别耗时: 0.4500620365142822
2021-09-01 11:37:04.087 | INFO     | __main__:run:159 - rec_res num  : 36
2021-09-01 11:37:04.113 | INFO     | __main__:run:93 - 角度检测耗时: 0.02464890480041504
2021-09-01 11:37:04.113 | INFO     | __main__:run:94 - angle : 270
2021-09-01 11:37:04.163 | INFO     | trt_inference.inference_tools:run:25 - 版面分析请求耗时: 0.050s
2021-09-01 11:37:04.165 | INFO     | __main__:run:105 - 文字检测耗时: 0.051656246185302734
2021-09-01 11:37:04.165 | INFO     | __main__:run:106 - dt_boxes num : 36
2021-09-01 11:37:04.635 | INFO     | __main__:run:157 - 文字识别耗时: 0.4511425495147705
2021-09-01 11:37:04.635 | INFO     | __main__:run:159 - rec_res num  : 36
2021-09-01 11:37:04.661 | INFO     | __main__:run:93 - 角度检测耗时: 0.024770498275756836
2021-09-01 11:37:04.661 | INFO     | __main__:run:94 - angle : 270
2021-09-01 11:37:04.711 | INFO     | trt_inference.inference_tools:run:25 - 版面分析请求耗时: 0.049s
2021-09-01 11:37:04.714 | INFO     | __main__:run:105 - 文字检测耗时: 0.05277895927429199
2021-09-01 11:37:04.714 | INFO     | __main__:run:106 - dt_boxes num : 36
2021-09-01 11:37:05.180 | INFO     | __main__:run:157 - 文字识别耗时: 0.44787001609802246
2021-09-01 11:37:05.180 | INFO     | __main__:run:159 - rec_res num  : 36
2021-09-01 11:37:05.206 | INFO     | __main__:run:93 - 角度检测耗时: 0.025299549102783203
2021-09-01 11:37:05.207 | INFO     | __main__:run:94 - angle : 270
2021-09-01 11:37:05.256 | INFO     | trt_inference.inference_tools:run:25 - 版面分析请求耗时: 0.049s
2021-09-01 11:37:05.259 | INFO     | __main__:run:105 - 文字检测耗时: 0.05223798751831055
2021-09-01 11:37:05.260 | INFO     | __main__:run:106 - dt_boxes num : 36
2021-09-01 11:37:05.727 | INFO     | __main__:run:157 - 文字识别耗时: 0.4490189552307129
2021-09-01 11:37:05.727 | INFO     | __main__:run:159 - rec_res num  : 36
2021-09-01 11:37:05.753 | INFO     | __main__:run:93 - 角度检测耗时: 0.02493906021118164
2021-09-01 11:37:05.753 | INFO     | __main__:run:94 - angle : 270
2021-09-01 11:37:05.803 | INFO     | trt_inference.inference_tools:run:25 - 版面分析请求耗时: 0.050s
2021-09-01 11:37:05.806 | INFO     | __main__:run:105 - 文字检测耗时: 0.05254650115966797
2021-09-01 11:37:05.806 | INFO     | __main__:run:106 - dt_boxes num : 36
2021-09-01 11:37:06.273 | INFO     | __main__:run:157 - 文字识别耗时: 0.4489455223083496
2021-09-01 11:37:06.273 | INFO     | __main__:run:159 - rec_res num  : 36
2021-09-01 11:37:06.299 | INFO     | __main__:run:93 - 角度检测耗时: 0.025131940841674805
2021-09-01 11:37:06.300 | INFO     | __main__:run:94 - angle : 270
2021-09-01 11:37:06.350 | INFO     | trt_inference.inference_tools:run:25 - 版面分析请求耗时: 0.050s
2021-09-01 11:37:06.351 | INFO     | __main__:run:105 - 文字检测耗时: 0.05124711990356445
2021-09-01 11:37:06.351 | INFO     | __main__:run:106 - dt_boxes num : 36
2021-09-01 11:37:06.820 | INFO     | __main__:run:157 - 文字识别耗时: 0.4510989189147949
2021-09-01 11:37:06.820 | INFO     | __main__:run:159 - rec_res num  : 36
2021-09-01 11:37:06.846 | INFO     | __main__:run:93 - 角度检测耗时: 0.024965524673461914
2021-09-01 11:37:06.846 | INFO     | __main__:run:94 - angle : 270
2021-09-01 11:37:06.895 | INFO     | trt_inference.inference_tools:run:25 - 版面分析请求耗时: 0.049s
2021-09-01 11:37:06.897 | INFO     | __main__:run:105 - 文字检测耗时: 0.05079245567321777
2021-09-01 11:37:06.897 | INFO     | __main__:run:106 - dt_boxes num : 36
2021-09-01 11:37:07.366 | INFO     | __main__:run:157 - 文字识别耗时: 0.450941801071167
2021-09-01 11:37:07.367 | INFO     | __main__:run:159 - rec_res num  : 36
2021-09-01 11:37:07.392 | INFO     | __main__:run:93 - 角度检测耗时: 0.024450063705444336
2021-09-01 11:37:07.392 | INFO     | __main__:run:94 - angle : 270
2021-09-01 11:37:07.444 | INFO     | trt_inference.inference_tools:run:25 - 版面分析请求耗时: 0.051s
2021-09-01 11:37:07.444 | INFO     | __main__:run:105 - 文字检测耗时: 0.051805734634399414
2021-09-01 11:37:07.444 | INFO     | __main__:run:106 - dt_boxes num : 36
2021-09-01 11:37:07.913 | INFO     | __main__:run:157 - 文字识别耗时: 0.45076632499694824
2021-09-01 11:37:07.913 | INFO     | __main__:run:159 - rec_res num  : 36
2021-09-01 11:37:07.939 | INFO     | __main__:run:93 - 角度检测耗时: 0.024507999420166016
2021-09-01 11:37:07.939 | INFO     | __main__:run:94 - angle : 270
2021-09-01 11:37:07.989 | INFO     | trt_inference.inference_tools:run:25 - 版面分析请求耗时: 0.050s
2021-09-01 11:37:07.991 | INFO     | __main__:run:105 - 文字检测耗时: 0.052078962326049805
2021-09-01 11:37:07.991 | INFO     | __main__:run:106 - dt_boxes num : 36
2021-09-01 11:37:08.459 | INFO     | __main__:run:157 - 文字识别耗时: 0.4495558738708496
2021-09-01 11:37:08.459 | INFO     | __main__:run:159 - rec_res num  : 36
2021-09-01 11:37:08.486 | INFO     | __main__:run:93 - 角度检测耗时: 0.025792598724365234
2021-09-01 11:37:08.486 | INFO     | __main__:run:94 - angle : 270
2021-09-01 11:37:08.536 | INFO     | __main__:run:105 - 文字检测耗时: 0.04950857162475586
2021-09-01 11:37:08.536 | INFO     | __main__:run:106 - dt_boxes num : 36
2021-09-01 11:37:08.536 | INFO     | trt_inference.inference_tools:run:25 - 版面分析请求耗时: 0.050s
2021-09-01 11:37:09.006 | INFO     | __main__:run:157 - 文字识别耗时: 0.4520711898803711
2021-09-01 11:37:09.006 | INFO     | __main__:run:159 - rec_res num  : 36
2021-09-01 11:37:09.032 | INFO     | __main__:run:93 - 角度检测耗时: 0.024399995803833008
2021-09-01 11:37:09.032 | INFO     | __main__:run:94 - angle : 270
2021-09-01 11:37:09.082 | INFO     | trt_inference.inference_tools:run:25 - 版面分析请求耗时: 0.050s
2021-09-01 11:37:09.084 | INFO     | __main__:run:105 - 文字检测耗时: 0.05152583122253418
2021-09-01 11:37:09.084 | INFO     | __main__:run:106 - dt_boxes num : 36
2021-09-01 11:37:09.555 | INFO     | __main__:run:157 - 文字识别耗时: 0.45301342010498047
2021-09-01 11:37:09.555 | INFO     | __main__:run:159 - rec_res num  : 36
2021-09-01 11:37:09.580 | INFO     | __main__:run:93 - 角度检测耗时: 0.024665117263793945
2021-09-01 11:37:09.580 | INFO     | __main__:run:94 - angle : 270
2021-09-01 11:37:09.631 | INFO     | trt_inference.inference_tools:run:25 - 版面分析请求耗时: 0.050s
2021-09-01 11:37:09.632 | INFO     | __main__:run:105 - 文字检测耗时: 0.051110267639160156
2021-09-01 11:37:09.632 | INFO     | __main__:run:106 - dt_boxes num : 36
2021-09-01 11:37:10.100 | INFO     | __main__:run:157 - 文字识别耗时: 0.45059895515441895
2021-09-01 11:37:10.101 | INFO     | __main__:run:159 - rec_res num  : 36
2021-09-01 11:37:10.127 | INFO     | __main__:run:93 - 角度检测耗时: 0.02513265609741211
2021-09-01 11:37:10.127 | INFO     | __main__:run:94 - angle : 270
2021-09-01 11:37:10.176 | INFO     | __main__:run:105 - 文字检测耗时: 0.049036264419555664
2021-09-01 11:37:10.177 | INFO     | __main__:run:106 - dt_boxes num : 36
2021-09-01 11:37:10.177 | INFO     | trt_inference.inference_tools:run:25 - 版面分析请求耗时: 0.050s
2021-09-01 11:37:10.650 | INFO     | __main__:run:157 - 文字识别耗时: 0.45470523834228516
2021-09-01 11:37:10.650 | INFO     | __main__:run:159 - rec_res num  : 36
2021-09-01 11:37:10.676 | INFO     | __main__:run:93 - 角度检测耗时: 0.024960994720458984
2021-09-01 11:37:10.676 | INFO     | __main__:run:94 - angle : 270
2021-09-01 11:37:10.726 | INFO     | trt_inference.inference_tools:run:25 - 版面分析请求耗时: 0.050s
2021-09-01 11:37:10.728 | INFO     | __main__:run:105 - 文字检测耗时: 0.05120396614074707
2021-09-01 11:37:10.728 | INFO     | __main__:run:106 - dt_boxes num : 36
2021-09-01 11:37:11.196 | INFO     | __main__:run:157 - 文字识别耗时: 0.4503648281097412
2021-09-01 11:37:11.196 | INFO     | __main__:run:159 - rec_res num  : 36
2021-09-01 11:37:11.222 | INFO     | __main__:run:93 - 角度检测耗时: 0.025111913681030273
2021-09-01 11:37:11.222 | INFO     | __main__:run:94 - angle : 270
2021-09-01 11:37:11.272 | INFO     | trt_inference.inference_tools:run:25 - 版面分析请求耗时: 0.050s
2021-09-01 11:37:11.274 | INFO     | __main__:run:105 - 文字检测耗时: 0.05152130126953125
2021-09-01 11:37:11.274 | INFO     | __main__:run:106 - dt_boxes num : 36
2021-09-01 11:37:11.752 | INFO     | __main__:run:157 - 文字识别耗时: 0.46040940284729004
2021-09-01 11:37:11.753 | INFO     | __main__:run:159 - rec_res num  : 36
2021-09-01 11:37:11.785 | INFO     | __main__:run:93 - 角度检测耗时: 0.03076958656311035
2021-09-01 11:37:11.785 | INFO     | __main__:run:94 - angle : 270
2021-09-01 11:37:11.834 | INFO     | trt_inference.inference_tools:run:25 - 版面分析请求耗时: 0.048s
2021-09-01 11:37:11.835 | INFO     | __main__:run:105 - 文字检测耗时: 0.049591779708862305
2021-09-01 11:37:11.835 | INFO     | __main__:run:106 - dt_boxes num : 36
2021-09-01 11:37:12.302 | INFO     | __main__:run:157 - 文字识别耗时: 0.44919824600219727
2021-09-01 11:37:12.302 | INFO     | __main__:run:159 - rec_res num  : 36
2021-09-01 11:37:12.328 | INFO     | __main__:run:93 - 角度检测耗时: 0.024746179580688477
2021-09-01 11:37:12.328 | INFO     | __main__:run:94 - angle : 270
2021-09-01 11:37:12.377 | INFO     | trt_inference.inference_tools:run:25 - 版面分析请求耗时: 0.048s
2021-09-01 11:37:12.379 | INFO     | __main__:run:105 - 文字检测耗时: 0.0503842830657959
2021-09-01 11:37:12.379 | INFO     | __main__:run:106 - dt_boxes num : 36
2021-09-01 11:37:12.848 | INFO     | __main__:run:157 - 文字识别耗时: 0.45128321647644043
2021-09-01 11:37:12.848 | INFO     | __main__:run:159 - rec_res num  : 36
2021-09-01 11:37:12.874 | INFO     | __main__:run:93 - 角度检测耗时: 0.024772167205810547
2021-09-01 11:37:12.874 | INFO     | __main__:run:94 - angle : 270
2021-09-01 11:37:12.924 | INFO     | trt_inference.inference_tools:run:25 - 版面分析请求耗时: 0.050s
2021-09-01 11:37:12.926 | INFO     | __main__:run:105 - 文字检测耗时: 0.051595449447631836
2021-09-01 11:37:12.926 | INFO     | __main__:run:106 - dt_boxes num : 36
2021-09-01 11:37:13.394 | INFO     | __main__:run:157 - 文字识别耗时: 0.4501981735229492
2021-09-01 11:37:13.394 | INFO     | __main__:run:159 - rec_res num  : 36
2021-09-01 11:37:13.420 | INFO     | __main__:run:93 - 角度检测耗时: 0.02474069595336914
2021-09-01 11:37:13.420 | INFO     | __main__:run:94 - angle : 270
2021-09-01 11:37:13.469 | INFO     | trt_inference.inference_tools:run:25 - 版面分析请求耗时: 0.049s
2021-09-01 11:37:13.472 | INFO     | __main__:run:105 - 文字检测耗时: 0.05097150802612305
2021-09-01 11:37:13.472 | INFO     | __main__:run:106 - dt_boxes num : 36
2021-09-01 11:37:13.941 | INFO     | __main__:run:157 - 文字识别耗时: 0.45160555839538574
2021-09-01 11:37:13.942 | INFO     | __main__:run:159 - rec_res num  : 36
2021-09-01 11:37:13.967 | INFO     | __main__:run:93 - 角度检测耗时: 0.02476644515991211
2021-09-01 11:37:13.967 | INFO     | __main__:run:94 - angle : 270
2021-09-01 11:37:14.018 | INFO     | trt_inference.inference_tools:run:25 - 版面分析请求耗时: 0.050s
2021-09-01 11:37:14.019 | INFO     | __main__:run:105 - 文字检测耗时: 0.050893545150756836
2021-09-01 11:37:14.019 | INFO     | __main__:run:106 - dt_boxes num : 36
2021-09-01 11:37:14.487 | INFO     | __main__:run:157 - 文字识别耗时: 0.4498105049133301
2021-09-01 11:37:14.487 | INFO     | __main__:run:159 - rec_res num  : 36
2021-09-01 11:37:14.513 | INFO     | __main__:run:93 - 角度检测耗时: 0.02478647232055664
2021-09-01 11:37:14.513 | INFO     | __main__:run:94 - angle : 270
2021-09-01 11:37:14.564 | INFO     | trt_inference.inference_tools:run:25 - 版面分析请求耗时: 0.050s
2021-09-01 11:37:14.566 | INFO     | __main__:run:105 - 文字检测耗时: 0.0528256893157959
2021-09-01 11:37:14.566 | INFO     | __main__:run:106 - dt_boxes num : 36
2021-09-01 11:37:15.037 | INFO     | __main__:run:157 - 文字识别耗时: 0.4523742198944092
2021-09-01 11:37:15.037 | INFO     | __main__:run:159 - rec_res num  : 36
2021-09-01 11:37:15.063 | INFO     | __main__:run:93 - 角度检测耗时: 0.025017261505126953
2021-09-01 11:37:15.063 | INFO     | __main__:run:94 - angle : 270
2021-09-01 11:37:15.114 | INFO     | trt_inference.inference_tools:run:25 - 版面分析请求耗时: 0.050s
2021-09-01 11:37:15.115 | INFO     | __main__:run:105 - 文字检测耗时: 0.05153298377990723
2021-09-01 11:37:15.115 | INFO     | __main__:run:106 - dt_boxes num : 36
2021-09-01 11:37:15.586 | INFO     | __main__:run:157 - 文字识别耗时: 0.4530057907104492
2021-09-01 11:37:15.587 | INFO     | __main__:run:159 - rec_res num  : 36
2021-09-01 11:37:15.612 | INFO     | __main__:run:93 - 角度检测耗时: 0.02403998374938965
2021-09-01 11:37:15.612 | INFO     | __main__:run:94 - angle : 270
2021-09-01 11:37:15.662 | INFO     | trt_inference.inference_tools:run:25 - 版面分析请求耗时: 0.049s
2021-09-01 11:37:15.664 | INFO     | __main__:run:105 - 文字检测耗时: 0.051537275314331055
2021-09-01 11:37:15.664 | INFO     | __main__:run:106 - dt_boxes num : 36
2021-09-01 11:37:16.136 | INFO     | __main__:run:157 - 文字识别耗时: 0.4537231922149658
2021-09-01 11:37:16.136 | INFO     | __main__:run:159 - rec_res num  : 36
2021-09-01 11:37:16.162 | INFO     | __main__:run:93 - 角度检测耗时: 0.02491617202758789
2021-09-01 11:37:16.162 | INFO     | __main__:run:94 - angle : 270
2021-09-01 11:37:16.212 | INFO     | trt_inference.inference_tools:run:25 - 版面分析请求耗时: 0.050s
2021-09-01 11:37:16.213 | INFO     | __main__:run:105 - 文字检测耗时: 0.05058646202087402
2021-09-01 11:37:16.213 | INFO     | __main__:run:106 - dt_boxes num : 36
2021-09-01 11:37:16.685 | INFO     | __main__:run:157 - 文字识别耗时: 0.45372867584228516
2021-09-01 11:37:16.685 | INFO     | __main__:run:159 - rec_res num  : 36
2021-09-01 11:37:16.711 | INFO     | __main__:run:93 - 角度检测耗时: 0.024547815322875977
2021-09-01 11:37:16.711 | INFO     | __main__:run:94 - angle : 270
2021-09-01 11:37:16.760 | INFO     | trt_inference.inference_tools:run:25 - 版面分析请求耗时: 0.049s
2021-09-01 11:37:16.762 | INFO     | __main__:run:105 - 文字检测耗时: 0.050810813903808594
2021-09-01 11:37:16.762 | INFO     | __main__:run:106 - dt_boxes num : 36
2021-09-01 11:37:17.234 | INFO     | __main__:run:157 - 文字识别耗时: 0.45450878143310547
2021-09-01 11:37:17.234 | INFO     | __main__:run:159 - rec_res num  : 36
2021-09-01 11:37:17.260 | INFO     | __main__:run:93 - 角度检测耗时: 0.02492213249206543
2021-09-01 11:37:17.261 | INFO     | __main__:run:94 - angle : 270
2021-09-01 11:37:17.311 | INFO     | __main__:run:105 - 文字检测耗时: 0.050354957580566406
2021-09-01 11:37:17.312 | INFO     | __main__:run:106 - dt_boxes num : 36
2021-09-01 11:37:17.312 | INFO     | trt_inference.inference_tools:run:25 - 版面分析请求耗时: 0.051s
2021-09-01 11:37:17.782 | INFO     | __main__:run:157 - 文字识别耗时: 0.45261669158935547
2021-09-01 11:37:17.783 | INFO     | __main__:run:159 - rec_res num  : 36
2021-09-01 11:37:17.808 | INFO     | __main__:run:93 - 角度检测耗时: 0.02472710609436035
2021-09-01 11:37:17.809 | INFO     | __main__:run:94 - angle : 270
2021-09-01 11:37:17.859 | INFO     | trt_inference.inference_tools:run:25 - 版面分析请求耗时: 0.050s
2021-09-01 11:37:17.862 | INFO     | __main__:run:105 - 文字检测耗时: 0.052825927734375
2021-09-01 11:37:17.862 | INFO     | __main__:run:106 - dt_boxes num : 36
2021-09-01 11:37:18.332 | INFO     | __main__:run:157 - 文字识别耗时: 0.45209360122680664
2021-09-01 11:37:18.332 | INFO     | __main__:run:159 - rec_res num  : 36
2021-09-01 11:37:18.358 | INFO     | __main__:run:93 - 角度检测耗时: 0.025217056274414062
2021-09-01 11:37:18.359 | INFO     | __main__:run:94 - angle : 270
2021-09-01 11:37:18.409 | INFO     | trt_inference.inference_tools:run:25 - 版面分析请求耗时: 0.050s
2021-09-01 11:37:18.411 | INFO     | __main__:run:105 - 文字检测耗时: 0.05237245559692383
2021-09-01 11:37:18.412 | INFO     | __main__:run:106 - dt_boxes num : 36
2021-09-01 11:37:18.881 | INFO     | __main__:run:157 - 文字识别耗时: 0.45146608352661133
2021-09-01 11:37:18.882 | INFO     | __main__:run:159 - rec_res num  : 36
2021-09-01 11:37:18.908 | INFO     | __main__:run:93 - 角度检测耗时: 0.0249936580657959
2021-09-01 11:37:18.908 | INFO     | __main__:run:94 - angle : 270
2021-09-01 11:37:18.959 | INFO     | trt_inference.inference_tools:run:25 - 版面分析请求耗时: 0.050s
2021-09-01 11:37:18.962 | INFO     | __main__:run:105 - 文字检测耗时: 0.05353879928588867
2021-09-01 11:37:18.962 | INFO     | __main__:run:106 - dt_boxes num : 36
2021-09-01 11:37:19.433 | INFO     | __main__:run:157 - 文字识别耗时: 0.45331430435180664
2021-09-01 11:37:19.433 | INFO     | __main__:run:159 - rec_res num  : 36
2021-09-01 11:37:19.459 | INFO     | __main__:run:93 - 角度检测耗时: 0.024899005889892578
2021-09-01 11:37:19.459 | INFO     | __main__:run:94 - angle : 270
2021-09-01 11:37:19.510 | INFO     | trt_inference.inference_tools:run:25 - 版面分析请求耗时: 0.050s
2021-09-01 11:37:19.511 | INFO     | __main__:run:105 - 文字检测耗时: 0.05095219612121582
2021-09-01 11:37:19.511 | INFO     | __main__:run:106 - dt_boxes num : 36
2021-09-01 11:37:19.985 | INFO     | __main__:run:157 - 文字识别耗时: 0.4560859203338623
2021-09-01 11:37:19.985 | INFO     | __main__:run:159 - rec_res num  : 36
2021-09-01 11:37:20.011 | INFO     | __main__:run:93 - 角度检测耗时: 0.024796247482299805
2021-09-01 11:37:20.011 | INFO     | __main__:run:94 - angle : 270
2021-09-01 11:37:20.061 | INFO     | trt_inference.inference_tools:run:25 - 版面分析请求耗时: 0.050s
2021-09-01 11:37:20.064 | INFO     | __main__:run:105 - 文字检测耗时: 0.05219769477844238
2021-09-01 11:37:20.064 | INFO     | __main__:run:106 - dt_boxes num : 36
2021-09-01 11:37:20.537 | INFO     | __main__:run:157 - 文字识别耗时: 0.45549678802490234
2021-09-01 11:37:20.537 | INFO     | __main__:run:159 - rec_res num  : 36
2021-09-01 11:37:20.563 | INFO     | __main__:run:93 - 角度检测耗时: 0.02529168128967285
2021-09-01 11:37:20.564 | INFO     | __main__:run:94 - angle : 270
2021-09-01 11:37:20.614 | INFO     | trt_inference.inference_tools:run:25 - 版面分析请求耗时: 0.050s
2021-09-01 11:37:20.615 | INFO     | __main__:run:105 - 文字检测耗时: 0.051399946212768555
2021-09-01 11:37:20.616 | INFO     | __main__:run:106 - dt_boxes num : 36
2021-09-01 11:37:21.088 | INFO     | __main__:run:157 - 文字识别耗时: 0.45397377014160156
2021-09-01 11:37:21.088 | INFO     | __main__:run:159 - rec_res num  : 36
2021-09-01 11:37:21.114 | INFO     | __main__:run:93 - 角度检测耗时: 0.024825096130371094
2021-09-01 11:37:21.114 | INFO     | __main__:run:94 - angle : 270
2021-09-01 11:37:21.164 | INFO     | trt_inference.inference_tools:run:25 - 版面分析请求耗时: 0.050s
2021-09-01 11:37:21.166 | INFO     | __main__:run:105 - 文字检测耗时: 0.0511627197265625
2021-09-01 11:37:21.166 | INFO     | __main__:run:106 - dt_boxes num : 36
2021-09-01 11:37:21.638 | INFO     | __main__:run:157 - 文字识别耗时: 0.4539964199066162
2021-09-01 11:37:21.638 | INFO     | __main__:run:159 - rec_res num  : 36
2021-09-01 11:37:21.664 | INFO     | __main__:run:93 - 角度检测耗时: 0.02510857582092285
2021-09-01 11:37:21.664 | INFO     | __main__:run:94 - angle : 270
2021-09-01 11:37:21.716 | INFO     | trt_inference.inference_tools:run:25 - 版面分析请求耗时: 0.051s
2021-09-01 11:37:21.717 | INFO     | __main__:run:105 - 文字检测耗时: 0.052419424057006836
2021-09-01 11:37:21.717 | INFO     | __main__:run:106 - dt_boxes num : 36
2021-09-01 11:37:22.190 | INFO     | __main__:run:157 - 文字识别耗时: 0.45490312576293945
2021-09-01 11:37:22.191 | INFO     | __main__:run:159 - rec_res num  : 36
2021-09-01 11:37:22.216 | INFO     | __main__:run:93 - 角度检测耗时: 0.024542570114135742
2021-09-01 11:37:22.216 | INFO     | __main__:run:94 - angle : 270
2021-09-01 11:37:22.266 | INFO     | trt_inference.inference_tools:run:25 - 版面分析请求耗时: 0.049s
2021-09-01 11:37:22.268 | INFO     | __main__:run:105 - 文字检测耗时: 0.05129718780517578
2021-09-01 11:37:22.268 | INFO     | __main__:run:106 - dt_boxes num : 36
2021-09-01 11:37:22.741 | INFO     | __main__:run:157 - 文字识别耗时: 0.4554781913757324
2021-09-01 11:37:22.742 | INFO     | __main__:run:159 - rec_res num  : 36
2021-09-01 11:37:22.767 | INFO     | __main__:run:93 - 角度检测耗时: 0.024674415588378906
2021-09-01 11:37:22.767 | INFO     | __main__:run:94 - angle : 270
2021-09-01 11:37:22.818 | INFO     | trt_inference.inference_tools:run:25 - 版面分析请求耗时: 0.050s
2021-09-01 11:37:22.818 | INFO     | __main__:run:105 - 文字检测耗时: 0.05071425437927246
2021-09-01 11:37:22.819 | INFO     | __main__:run:106 - dt_boxes num : 36
2021-09-01 11:37:23.289 | INFO     | __main__:run:157 - 文字识别耗时: 0.45316505432128906
2021-09-01 11:37:23.290 | INFO     | __main__:run:159 - rec_res num  : 36
2021-09-01 11:37:23.315 | INFO     | __main__:run:93 - 角度检测耗时: 0.0246279239654541
2021-09-01 11:37:23.315 | INFO     | __main__:run:94 - angle : 270
2021-09-01 11:37:23.365 | INFO     | trt_inference.inference_tools:run:25 - 版面分析请求耗时: 0.049s
2021-09-01 11:37:23.367 | INFO     | __main__:run:105 - 文字检测耗时: 0.05107378959655762
2021-09-01 11:37:23.367 | INFO     | __main__:run:106 - dt_boxes num : 36
2021-09-01 11:37:23.840 | INFO     | __main__:run:157 - 文字识别耗时: 0.4553365707397461
2021-09-01 11:37:23.841 | INFO     | __main__:run:159 - rec_res num  : 36
2021-09-01 11:37:23.866 | INFO     | __main__:run:93 - 角度检测耗时: 0.02492070198059082
2021-09-01 11:37:23.867 | INFO     | __main__:run:94 - angle : 270
2021-09-01 11:37:23.917 | INFO     | trt_inference.inference_tools:run:25 - 版面分析请求耗时: 0.050s
2021-09-01 11:37:23.919 | INFO     | __main__:run:105 - 文字检测耗时: 0.051497697830200195
2021-09-01 11:37:23.919 | INFO     | __main__:run:106 - dt_boxes num : 36
2021-09-01 11:37:24.388 | INFO     | __main__:run:157 - 文字识别耗时: 0.4512777328491211
2021-09-01 11:37:24.388 | INFO     | __main__:run:159 - rec_res num  : 36
2021-09-01 11:37:24.414 | INFO     | __main__:run:93 - 角度检测耗时: 0.02490377426147461
2021-09-01 11:37:24.414 | INFO     | __main__:run:94 - angle : 270
2021-09-01 11:37:24.464 | INFO     | trt_inference.inference_tools:run:25 - 版面分析请求耗时: 0.049s
2021-09-01 11:37:24.466 | INFO     | __main__:run:105 - 文字检测耗时: 0.05075955390930176
2021-09-01 11:37:24.466 | INFO     | __main__:run:106 - dt_boxes num : 36
2021-09-01 11:37:24.939 | INFO     | __main__:run:157 - 文字识别耗时: 0.45509886741638184
2021-09-01 11:37:24.939 | INFO     | __main__:run:159 - rec_res num  : 36
2021-09-01 11:37:24.965 | INFO     | __main__:run:93 - 角度检测耗时: 0.02505326271057129
2021-09-01 11:37:24.965 | INFO     | __main__:run:94 - angle : 270
2021-09-01 11:37:25.016 | INFO     | trt_inference.inference_tools:run:25 - 版面分析请求耗时: 0.050s
2021-09-01 11:37:25.016 | INFO     | __main__:run:105 - 文字检测耗时: 0.050989389419555664
2021-09-01 11:37:25.017 | INFO     | __main__:run:106 - dt_boxes num : 36
2021-09-01 11:37:25.486 | INFO     | __main__:run:157 - 文字识别耗时: 0.4519634246826172
2021-09-01 11:37:25.487 | INFO     | __main__:run:159 - rec_res num  : 36
2021-09-01 11:37:25.512 | INFO     | __main__:run:93 - 角度检测耗时: 0.024816513061523438
2021-09-01 11:37:25.513 | INFO     | __main__:run:94 - angle : 270
2021-09-01 11:37:25.562 | INFO     | trt_inference.inference_tools:run:25 - 版面分析请求耗时: 0.049s
2021-09-01 11:37:25.564 | INFO     | __main__:run:105 - 文字检测耗时: 0.05137491226196289
2021-09-01 11:37:25.565 | INFO     | __main__:run:106 - dt_boxes num : 36
2021-09-01 11:37:26.036 | INFO     | __main__:run:157 - 文字识别耗时: 0.4536724090576172
2021-09-01 11:37:26.036 | INFO     | __main__:run:159 - rec_res num  : 36
2021-09-01 11:37:26.062 | INFO     | __main__:run:93 - 角度检测耗时: 0.024652957916259766
2021-09-01 11:37:26.062 | INFO     | __main__:run:94 - angle : 270
2021-09-01 11:37:26.113 | INFO     | trt_inference.inference_tools:run:25 - 版面分析请求耗时: 0.051s
2021-09-01 11:37:26.114 | INFO     | __main__:run:105 - 文字检测耗时: 0.05102109909057617
2021-09-01 11:37:26.114 | INFO     | __main__:run:106 - dt_boxes num : 36
2021-09-01 11:37:26.584 | INFO     | __main__:run:157 - 文字识别耗时: 0.4520878791809082
2021-09-01 11:37:26.584 | INFO     | __main__:run:159 - rec_res num  : 36
2021-09-01 11:37:26.610 | INFO     | __main__:run:93 - 角度检测耗时: 0.0249481201171875
2021-09-01 11:37:26.610 | INFO     | __main__:run:94 - angle : 270
2021-09-01 11:37:26.659 | INFO     | trt_inference.inference_tools:run:25 - 版面分析请求耗时: 0.049s
2021-09-01 11:37:26.661 | INFO     | __main__:run:105 - 文字检测耗时: 0.05072379112243652
2021-09-01 11:37:26.661 | INFO     | __main__:run:106 - dt_boxes num : 36
2021-09-01 11:37:27.133 | INFO     | __main__:run:157 - 文字识别耗时: 0.45386815071105957
2021-09-01 11:37:27.134 | INFO     | __main__:run:159 - rec_res num  : 36
2021-09-01 11:37:27.159 | INFO     | __main__:run:93 - 角度检测耗时: 0.024908781051635742
2021-09-01 11:37:27.160 | INFO     | __main__:run:94 - angle : 270
2021-09-01 11:37:27.211 | INFO     | trt_inference.inference_tools:run:25 - 版面分析请求耗时: 0.050s
2021-09-01 11:37:27.212 | INFO     | __main__:run:105 - 文字检测耗时: 0.05156970024108887
2021-09-01 11:37:27.212 | INFO     | __main__:run:106 - dt_boxes num : 36
2021-09-01 11:37:27.684 | INFO     | __main__:run:157 - 文字识别耗时: 0.4540414810180664
2021-09-01 11:37:27.684 | INFO     | __main__:run:159 - rec_res num  : 36
2021-09-01 11:37:27.710 | INFO     | __main__:run:93 - 角度检测耗时: 0.024486541748046875
2021-09-01 11:37:27.710 | INFO     | __main__:run:94 - angle : 270
2021-09-01 11:37:27.761 | INFO     | trt_inference.inference_tools:run:25 - 版面分析请求耗时: 0.051s
2021-09-01 11:37:27.763 | INFO     | __main__:run:105 - 文字检测耗时: 0.052825212478637695
2021-09-01 11:37:27.763 | INFO     | __main__:run:106 - dt_boxes num : 36
2021-09-01 11:37:28.237 | INFO     | __main__:run:157 - 文字识别耗时: 0.4552764892578125
2021-09-01 11:37:28.237 | INFO     | __main__:run:159 - rec_res num  : 36
2021-09-01 11:37:28.263 | INFO     | __main__:run:93 - 角度检测耗时: 0.0250852108001709
2021-09-01 11:37:28.264 | INFO     | __main__:run:94 - angle : 270
2021-09-01 11:37:28.314 | INFO     | trt_inference.inference_tools:run:25 - 版面分析请求耗时: 0.050s
2021-09-01 11:37:28.315 | INFO     | __main__:run:105 - 文字检测耗时: 0.051349639892578125
2021-09-01 11:37:28.315 | INFO     | __main__:run:106 - dt_boxes num : 36
2021-09-01 11:37:28.788 | INFO     | __main__:run:157 - 文字识别耗时: 0.45436930656433105
2021-09-01 11:37:28.788 | INFO     | __main__:run:159 - rec_res num  : 36
2021-09-01 11:37:28.814 | INFO     | __main__:run:93 - 角度检测耗时: 0.024906158447265625
2021-09-01 11:37:28.814 | INFO     | __main__:run:94 - angle : 270
2021-09-01 11:37:28.862 | INFO     | trt_inference.inference_tools:run:25 - 版面分析请求耗时: 0.048s
2021-09-01 11:37:28.864 | INFO     | __main__:run:105 - 文字检测耗时: 0.04949617385864258
2021-09-01 11:37:28.864 | INFO     | __main__:run:106 - dt_boxes num : 36
2021-09-01 11:37:29.335 | INFO     | __main__:run:157 - 文字识别耗时: 0.4531424045562744
2021-09-01 11:37:29.335 | INFO     | __main__:run:159 - rec_res num  : 36
2021-09-01 11:37:29.361 | INFO     | __main__:run:93 - 角度检测耗时: 0.02453780174255371
2021-09-01 11:37:29.361 | INFO     | __main__:run:94 - angle : 270
2021-09-01 11:37:29.411 | INFO     | trt_inference.inference_tools:run:25 - 版面分析请求耗时: 0.050s
2021-09-01 11:37:29.412 | INFO     | __main__:run:105 - 文字检测耗时: 0.05084347724914551
2021-09-01 11:37:29.412 | INFO     | __main__:run:106 - dt_boxes num : 36
2021-09-01 11:37:29.885 | INFO     | __main__:run:157 - 文字识别耗时: 0.45472025871276855
2021-09-01 11:37:29.885 | INFO     | __main__:run:159 - rec_res num  : 36
2021-09-01 11:37:29.911 | INFO     | __main__:run:93 - 角度检测耗时: 0.024843454360961914
2021-09-01 11:37:29.911 | INFO     | __main__:run:94 - angle : 270
2021-09-01 11:37:29.961 | INFO     | trt_inference.inference_tools:run:25 - 版面分析请求耗时: 0.049s
2021-09-01 11:37:29.962 | INFO     | __main__:run:105 - 文字检测耗时: 0.05081057548522949
2021-09-01 11:37:29.962 | INFO     | __main__:run:106 - dt_boxes num : 36
2021-09-01 11:37:30.435 | INFO     | __main__:run:157 - 文字识别耗时: 0.4546637535095215
2021-09-01 11:37:30.435 | INFO     | __main__:run:159 - rec_res num  : 36
2021-09-01 11:37:30.461 | INFO     | __main__:run:93 - 角度检测耗时: 0.024801254272460938
2021-09-01 11:37:30.461 | INFO     | __main__:run:94 - angle : 270
2021-09-01 11:37:30.512 | INFO     | trt_inference.inference_tools:run:25 - 版面分析请求耗时: 0.051s
2021-09-01 11:37:30.513 | INFO     | __main__:run:105 - 文字检测耗时: 0.05136466026306152
2021-09-01 11:37:30.513 | INFO     | __main__:run:106 - dt_boxes num : 36
2021-09-01 11:37:30.986 | INFO     | __main__:run:157 - 文字识别耗时: 0.4551088809967041
2021-09-01 11:37:30.986 | INFO     | __main__:run:159 - rec_res num  : 36
